Test kani::any
  $ soteria-rust rustc any.rs --clean --kani
  note: Done, no errors found
  
  any::any_bool: ran 2 branches
  PC 1: (0 == V|1|)
  PC 2: (1 == V|1|)
  
  any::any_i8: ran 3 branches
  PC 1: (V|1| <= 127) /\ (1 <= V|1|) /\ (0 != V|1|)
  PC 2: (-128 <= V|1|) /\ (V|1| <= -1) /\ (0 != V|1|)
  PC 3: (0 == V|1|)

Test kani::assume
  $ soteria-rust rustc assume.rs --clean --kani
  note: Done, no errors found
  
  assume::assume_bool: ran 1 branch
  PC 1: (1 == V|1|)
  
  assume::assume_i32: ran 1 branch
  PC 1: ((11 / V|1|) <= 0x7fffffff) /\ (-0x80000000 <= (11 / V|1|)) /\
        (V|1| <= 0x7fffffff) /\ (-0x80000000 <= V|1|) /\ (0 != V|1|)

Test #[kani::should_panic]
  $ soteria-rust rustc should_panic.rs --clean --kani
  note: Done, no errors found
  
  should_panic::when_at_the_disco: ran 1 branch
  PC 1: true

Test kani::assert
  $ soteria-rust rustc assert.rs --clean --kani
  error: Found issues
  
  assert::assert_false: error in 1 branch (out of 2):
  error: Failed assertion: Expected true! in assert::assert_false
      â”Œâ”€ $TESTCASE_ROOT/assert.rs:4:5
    1 â”‚    #[kani::proof]
    2 â”‚ â•­  fn assert_false() {
    3 â”‚ â”‚      let b: bool = kani::any();
    4 â”‚ â”‚      kani::assert(b, "Expected true!");
      â”‚ â”‚      ^^^^^^^^^^^^^^^^^^^^^^^^^^^^^^^^^
      â”‚ â”‚      â”‚
      â”‚ â”‚      Triggering memory operation
      â”‚ â”‚      2: Call trace
    5 â”‚ â”‚  }
      â”‚ â•°â”€â”€' 1: Entry point
    6 â”‚    
  
  assert::fancy_assert_false: error in 1 branch (out of 2):
  error: Failed assertion: ðŸ‘» unicode is ð’®ð’žð’œâ„›ð’´ in assert::fancy_assert_false
      â”Œâ”€ $TESTCASE_ROOT/assert.rs:10:5
    7 â”‚    #[kani::proof]
    8 â”‚ â•­  fn fancy_assert_false() {
    9 â”‚ â”‚      let b: bool = kani::any();
   10 â”‚ â”‚      kani::assert(b, "ðŸ‘» unicode is ð’®ð’žð’œâ„›ð’´");
      â”‚ â”‚      ^^^^^^^^^^^^^^^^^^^^^^^^^^^^^^^^^^^^^^
      â”‚ â”‚      â”‚
      â”‚ â”‚      Triggering memory operation
      â”‚ â”‚      2: Call trace
   11 â”‚ â”‚  }
      â”‚ â•°â”€â”€' 1: Entry point
   12 â”‚    
  
  assert::override_assert_macro: error in 1 branch (out of 2):
  error: Failed assertion: I used "assert!" in assert::override_assert_macro
      â”Œâ”€ $RUSTERIA/std/src/lib.rs:23:9
   23 â”‚            rusteria::assert(!!$cond, concat!(stringify!($($arg)+)));
      â”‚            ^^^^^^^^^^^^^^^^^^^^^^^^^^^^^^^^^^^^^^^^^^^^^^^^^^^^^^^^
      â”‚            â”‚
      â”‚            Triggering memory operation
      â”‚            2: Call trace
      â”Œâ”€ $TESTCASE_ROOT/assert.rs:14:1
   13 â”‚    #[kani::proof]
   14 â”‚ â•­  fn override_assert_macro() {
   15 â”‚ â”‚      let b: bool = kani::any();
   16 â”‚ â”‚      assert!(b, "I used \"assert!\"");
   17 â”‚ â”‚  }
      â”‚ â•°â”€â”€' 1: Entry point
   18 â”‚    
  
  assert::override_asserteq_macro: error in 1 branch (out of 2):
  error: Failed assertion: I used "assert_eq!" in assert::override_asserteq_macro
      â”Œâ”€ $RUSTERIA/std/src/lib.rs:23:9
   23 â”‚            rusteria::assert(!!$cond, concat!(stringify!($($arg)+)));
      â”‚            ^^^^^^^^^^^^^^^^^^^^^^^^^^^^^^^^^^^^^^^^^^^^^^^^^^^^^^^^
      â”‚            â”‚
      â”‚            Triggering memory operation
      â”‚            2: Call trace
      â”Œâ”€ $TESTCASE_ROOT/assert.rs:20:1
   19 â”‚    #[kani::proof]
   20 â”‚ â•­  fn override_asserteq_macro() {
   21 â”‚ â”‚      let a: u32 = kani::any();
   22 â”‚ â”‚      let b: u32 = kani::any();
   23 â”‚ â”‚      assert_eq!(a, b, "I used \"assert_eq!\"");
   24 â”‚ â”‚  }
      â”‚ â•°â”€â”€' 1: Entry point
   25 â”‚    
  [1]

Test kani::slice::any_slice_of_array
  $ echo "We stopped supporting symbolic slices for now" # soteria-rust rustc any_slice.rs --clean --kani
  We stopped supporting symbolic slices for now
